<?xml version="1.0" encoding="UTF-8"?>
<robot generator="Robot 3.2.2 (Python 3.6.8 on win32)" generated="20201208 18:42:43.285" rpa="false">
<suite id="s1" name="T0 verify admin &amp; T1 user management &amp; T1 verify capex prebudget &amp; T2 verify hr prebudget &amp; T3 verify activity prebudget &amp; T4 verify bs prebudget &amp; T5 verify profitloss prebudget">
<suite id="s1-s1" name="T0 verify admin" source="E:\QA automation\QA\budget_admin\test_suites\T0_verify_admin.robot">
<kw name="Open Budget Application" library="loginPage" type="setup">
<kw name="Open Browser" library="SeleniumLibrary">
<doc>Opens a new browser instance to the optional ``url``.</doc>
<arguments>
<arg>${url}</arg>
<arg>Chrome</arg>
<arg>add_argument("--disable-popup-blocking"); add_argument("--ignore-certificate-errors") error</arg>
</arguments>
<msg timestamp="20201208 18:42:43.639" level="INFO">Opening browser 'Chrome' to base url 'https://10.13.189.8:8443/cas/login?service=https%3A%2F%2F10.13.189.8%3A8443%2Fbudget%2Flogin%2Fcas'.</msg>
<status status="PASS" starttime="20201208 18:42:43.639" endtime="20201208 18:42:47.697"></status>
</kw>
<kw name="Maximize Browser Window" library="SeleniumLibrary">
<doc>Maximizes current browser window.</doc>
<status status="PASS" starttime="20201208 18:42:47.697" endtime="20201208 18:42:49.870"></status>
</kw>
<kw name="Click Button" library="SeleniumLibrary">
<doc>Clicks the button identified by ``locator``.</doc>
<arguments>
<arg>details-button</arg>
</arguments>
<msg timestamp="20201208 18:42:49.871" level="INFO">Clicking button 'details-button'.</msg>
<status status="PASS" starttime="20201208 18:42:49.870" endtime="20201208 18:42:49.959"></status>
</kw>
<kw name="Click Element" library="SeleniumLibrary">
<doc>Click the element identified by ``locator``.</doc>
<arguments>
<arg>proceed-link</arg>
</arguments>
<msg timestamp="20201208 18:42:49.959" level="INFO">Clicking element 'proceed-link'.</msg>
<status status="PASS" starttime="20201208 18:42:49.959" endtime="20201208 18:42:51.729"></status>
</kw>
<kw name="Sleep" library="BuiltIn">
<doc>Pauses the test executed for the given time.</doc>
<arguments>
<arg>2S</arg>
</arguments>
<msg timestamp="20201208 18:42:53.738" level="INFO">Slept 2 seconds</msg>
<status status="PASS" starttime="20201208 18:42:51.729" endtime="20201208 18:42:53.739"></status>
</kw>
<status status="PASS" starttime="20201208 18:42:43.639" endtime="20201208 18:42:53.739"></status>
</kw>
<test id="s1-s1-t1" name="Verify that login page works properly and is authenticated">
<kw name="Verify Login Page is successful" library="loginPage">
<kw name="Enter Username" library="loginPage">
<arguments>
<arg>admin</arg>
</arguments>
<kw name="Wait Until Element Is Visible" library="SeleniumLibrary">
<doc>Waits until the element ``locator`` is visible.</doc>
<arguments>
<arg>id=username</arg>
</arguments>
<status status="PASS" starttime="20201208 18:42:53.742" endtime="20201208 18:42:53.803"></status>
</kw>
<kw name="Input Text" library="SeleniumLibrary">
<doc>Types the given ``text`` into the text field identified by ``locator``.</doc>
<arguments>
<arg>id=username</arg>
<arg>${username}</arg>
</arguments>
<msg timestamp="20201208 18:42:53.804" level="INFO">Typing text 'admin' into text field 'id=username'.</msg>
<status status="PASS" starttime="20201208 18:42:53.804" endtime="20201208 18:42:53.909"></status>
</kw>
<status status="PASS" starttime="20201208 18:42:53.742" endtime="20201208 18:42:53.909"></status>
</kw>
<kw name="Enter Password" library="loginPage">
<arguments>
<arg>admin123</arg>
</arguments>
<kw name="Wait Until Element Is Visible" library="SeleniumLibrary">
<doc>Waits until the element ``locator`` is visible.</doc>
<arguments>
<arg>id=password</arg>
</arguments>
<status status="PASS" starttime="20201208 18:42:53.909" endtime="20201208 18:42:53.946"></status>
</kw>
<kw name="Input Text" library="SeleniumLibrary">
<doc>Types the given ``text`` into the text field identified by ``locator``.</doc>
<arguments>
<arg>id=password</arg>
<arg>${password}</arg>
</arguments>
<msg timestamp="20201208 18:42:53.947" level="INFO">Typing text 'admin123' into text field 'id=password'.</msg>
<status status="PASS" starttime="20201208 18:42:53.946" endtime="20201208 18:42:54.082"></status>
</kw>
<status status="PASS" starttime="20201208 18:42:53.909" endtime="20201208 18:42:54.082"></status>
</kw>
<kw name="Run Keyword And Continue On Failure" library="BuiltIn">
<doc>Runs the keyword and continues execution even if a failure occurs.</doc>
<arguments>
<arg>Logo</arg>
</arguments>
<kw name="Logo" library="loginPage">
<kw name="Element Should Be Visible" library="SeleniumLibrary">
<doc>Verifies that the element identified by ``locator`` is visible.</doc>
<arguments>
<arg>${page_logo}</arg>
<arg>message= Extensodata Logo is visible</arg>
</arguments>
<msg timestamp="20201208 18:42:54.122" level="INFO">Element '//body/main[1]/a[1]/span[1]' is displayed.</msg>
<status status="PASS" starttime="20201208 18:42:54.084" endtime="20201208 18:42:54.122"></status>
</kw>
<kw name="Title Should Be" library="SeleniumLibrary">
<doc>Verifies that the current page title equals ``title``.</doc>
<arguments>
<arg>Login - CAS – Central Authentication Service</arg>
</arguments>
<msg timestamp="20201208 18:42:54.128" level="INFO">Page title is 'Login - CAS – Central Authentication Service'.</msg>
<status status="PASS" starttime="20201208 18:42:54.122" endtime="20201208 18:42:54.128"></status>
</kw>
<status status="PASS" starttime="20201208 18:42:54.083" endtime="20201208 18:42:54.128"></status>
</kw>
<status status="PASS" starttime="20201208 18:42:54.083" endtime="20201208 18:42:54.128"></status>
</kw>
<kw name="Click Submit" library="loginPage">
<kw name="Press Keys" library="SeleniumLibrary">
<doc>Simulates the user pressing key(s) to an element or on the active browser.</doc>
<arguments>
<arg>name=submit</arg>
<arg>RETURN</arg>
</arguments>
<msg timestamp="20201208 18:42:54.130" level="INFO">Sending key(s) ('RETURN',) to name=submit element.</msg>
<msg timestamp="20201208 18:43:19.906" level="INFO">Pressing special key RETURN to element.</msg>
<msg timestamp="20201208 18:43:19.907" level="INFO">Releasing special key RETURN.</msg>
<kw name="Capture Page Screenshot" library="SeleniumLibrary">
<doc>Takes a screenshot of the current page and embeds it into a log file.</doc>
<msg timestamp="20201208 18:43:44.314" level="FAIL">WebDriverException: Message: chrome not reachable
  (Session info: chrome=87.0.4280.88)
</msg>
<status status="FAIL" starttime="20201208 18:43:32.130" endtime="20201208 18:43:44.314"></status>
</kw>
<msg timestamp="20201208 18:43:44.314" level="WARN">Keyword 'Capture Page Screenshot' could not be run on failure: WebDriverException: Message: chrome not reachable
  (Session info: chrome=87.0.4280.88)
</msg>
<msg timestamp="20201208 18:43:44.360" level="FAIL">WebDriverException: Message: chrome not reachable
  (Session info: chrome=87.0.4280.88)
</msg>
<status status="FAIL" starttime="20201208 18:42:54.129" endtime="20201208 18:43:44.360"></status>
</kw>
<status status="FAIL" starttime="20201208 18:42:54.129" endtime="20201208 18:43:44.362"></status>
</kw>
<status status="FAIL" starttime="20201208 18:42:53.741" endtime="20201208 18:43:44.362"></status>
</kw>
<status status="FAIL" starttime="20201208 18:42:53.739" endtime="20201208 18:43:44.363" critical="yes">WebDriverException: Message: chrome not reachable
  (Session info: chrome=87.0.4280.88)
</status>
</test>
<doc>this suite verifies admin pge.</doc>
<status status="FAIL" starttime="20201208 18:42:43.326" endtime="20201208 18:43:44.366"></status>
</suite>
<suite id="s1-s2" name="T1 user management" source="E:\QA automation\QA\budget_admin\test_suites\T1_user_management.robot">
<test id="s1-s2-t1" name="Verify User Add">
<kw name="Click on User Management" library="userManagementPage">
<kw name="Wait Until Element Is Visible" library="SeleniumLibrary">
<doc>Waits until the element ``locator`` is visible.</doc>
<arguments>
<arg>${toggle_usermanagement_xpath}</arg>
</arguments>
<kw name="Capture Page Screenshot" library="SeleniumLibrary">
<doc>Takes a screenshot of the current page and embeds it into a log file.</doc>
<msg timestamp="20201208 18:44:08.819" level="FAIL">WebDriverException: Message: chrome not reachable
  (Session info: chrome=87.0.4280.88)
</msg>
<status status="FAIL" starttime="20201208 18:43:56.620" endtime="20201208 18:44:08.819"></status>
</kw>
<msg timestamp="20201208 18:44:08.820" level="WARN">Keyword 'Capture Page Screenshot' could not be run on failure: WebDriverException: Message: chrome not reachable
  (Session info: chrome=87.0.4280.88)
</msg>
<msg timestamp="20201208 18:44:08.823" level="FAIL">WebDriverException: Message: chrome not reachable
  (Session info: chrome=87.0.4280.88)
</msg>
<status status="FAIL" starttime="20201208 18:43:44.386" endtime="20201208 18:44:08.823"></status>
</kw>
<status status="FAIL" starttime="20201208 18:43:44.386" endtime="20201208 18:44:08.824"></status>
</kw>
<status status="FAIL" starttime="20201208 18:43:44.385" endtime="20201208 18:44:08.824" critical="yes">WebDriverException: Message: chrome not reachable
  (Session info: chrome=87.0.4280.88)
</status>
</test>
<doc>this suite verifies User Management page.</doc>
<status status="FAIL" starttime="20201208 18:43:44.370" endtime="20201208 18:44:08.827"></status>
</suite>
<suite id="s1-s3" name="T1 verify capex prebudget" source="E:\QA automation\QA\budget_admin\test_suites\T1_verify_capex_prebudget.robot">
<test id="s1-s3-t1" name="Verify Capex Prebudget">
<kw name="Toggle Prebudget" library="capexPrebudget">
<kw name="Wait Until Element Is Visible" library="SeleniumLibrary">
<doc>Waits until the element ``locator`` is visible.</doc>
<arguments>
<arg>xpath=//li[@id="${menu_name_xpath}"]//span</arg>
</arguments>
<kw name="Capture Page Screenshot" library="SeleniumLibrary">
<doc>Takes a screenshot of the current page and embeds it into a log file.</doc>
<msg timestamp="20201208 18:44:33.329" level="FAIL">WebDriverException: Message: chrome not reachable
  (Session info: chrome=87.0.4280.88)
</msg>
<status status="FAIL" starttime="20201208 18:44:21.109" endtime="20201208 18:44:33.329"></status>
</kw>
<msg timestamp="20201208 18:44:33.329" level="WARN">Keyword 'Capture Page Screenshot' could not be run on failure: WebDriverException: Message: chrome not reachable
  (Session info: chrome=87.0.4280.88)
</msg>
<msg timestamp="20201208 18:44:33.331" level="FAIL">WebDriverException: Message: chrome not reachable
  (Session info: chrome=87.0.4280.88)
</msg>
<status status="FAIL" starttime="20201208 18:44:08.875" endtime="20201208 18:44:33.331"></status>
</kw>
<status status="FAIL" starttime="20201208 18:44:08.874" endtime="20201208 18:44:33.332"></status>
</kw>
<status status="FAIL" starttime="20201208 18:44:08.872" endtime="20201208 18:44:33.333" critical="yes">WebDriverException: Message: chrome not reachable
  (Session info: chrome=87.0.4280.88)
</status>
</test>
<doc>this suite verifies Capex page.</doc>
<status status="FAIL" starttime="20201208 18:44:08.831" endtime="20201208 18:44:33.335"></status>
</suite>
<suite id="s1-s4" name="T2 verify hr prebudget" source="E:\QA automation\QA\budget_admin\test_suites\T2_verify_hr_prebudget.robot">
<test id="s1-s4-t1" name="Verify Hr Prebudget">
<kw name="Open hr Prebudget" library="hrPrebudget">
<kw name="Wait Until Element Is Visible" library="SeleniumLibrary">
<doc>Waits until the element ``locator`` is visible.</doc>
<arguments>
<arg>xpath=//a[@id='${menu_name_xpath}_4']</arg>
<arg>timeout=5s</arg>
</arguments>
<kw name="Capture Page Screenshot" library="SeleniumLibrary">
<doc>Takes a screenshot of the current page and embeds it into a log file.</doc>
<msg timestamp="20201208 18:44:57.788" level="FAIL">WebDriverException: Message: chrome not reachable
  (Session info: chrome=87.0.4280.88)
</msg>
<status status="FAIL" starttime="20201208 18:44:45.559" endtime="20201208 18:44:57.788"></status>
</kw>
<msg timestamp="20201208 18:44:57.788" level="WARN">Keyword 'Capture Page Screenshot' could not be run on failure: WebDriverException: Message: chrome not reachable
  (Session info: chrome=87.0.4280.88)
</msg>
<msg timestamp="20201208 18:44:57.790" level="FAIL">WebDriverException: Message: chrome not reachable
  (Session info: chrome=87.0.4280.88)
</msg>
<status status="FAIL" starttime="20201208 18:44:33.358" endtime="20201208 18:44:57.791"></status>
</kw>
<status status="FAIL" starttime="20201208 18:44:33.357" endtime="20201208 18:44:57.791"></status>
</kw>
<status status="FAIL" starttime="20201208 18:44:33.357" endtime="20201208 18:44:57.791" critical="yes">WebDriverException: Message: chrome not reachable
  (Session info: chrome=87.0.4280.88)
</status>
</test>
<doc>this suite verifies hr page.</doc>
<status status="FAIL" starttime="20201208 18:44:33.339" endtime="20201208 18:44:57.794"></status>
</suite>
<suite id="s1-s5" name="T3 verify activity prebudget" source="E:\QA automation\QA\budget_admin\test_suites\T3_verify_activity_prebudget.robot">
<test id="s1-s5-t1" name="Verify Activity Prebudget">
<kw name="Open Activity Prebudget" library="activityPrebudget">
<kw name="Wait Until Element Is Visible" library="SeleniumLibrary">
<doc>Waits until the element ``locator`` is visible.</doc>
<arguments>
<arg>xpath=//a[@id='${menu_name_xpath}_5']</arg>
<arg>timeout=10s</arg>
</arguments>
<kw name="Capture Page Screenshot" library="SeleniumLibrary">
<doc>Takes a screenshot of the current page and embeds it into a log file.</doc>
<msg timestamp="20201208 18:45:22.222" level="FAIL">WebDriverException: Message: chrome not reachable
  (Session info: chrome=87.0.4280.88)
</msg>
<status status="FAIL" starttime="20201208 18:45:10.039" endtime="20201208 18:45:22.222"></status>
</kw>
<msg timestamp="20201208 18:45:22.222" level="WARN">Keyword 'Capture Page Screenshot' could not be run on failure: WebDriverException: Message: chrome not reachable
  (Session info: chrome=87.0.4280.88)
</msg>
<msg timestamp="20201208 18:45:22.225" level="FAIL">WebDriverException: Message: chrome not reachable
  (Session info: chrome=87.0.4280.88)
</msg>
<status status="FAIL" starttime="20201208 18:44:57.819" endtime="20201208 18:45:22.225"></status>
</kw>
<status status="FAIL" starttime="20201208 18:44:57.819" endtime="20201208 18:45:22.226"></status>
</kw>
<status status="FAIL" starttime="20201208 18:44:57.818" endtime="20201208 18:45:22.226" critical="yes">WebDriverException: Message: chrome not reachable
  (Session info: chrome=87.0.4280.88)
</status>
</test>
<doc>this suite verifies Capex page.</doc>
<status status="FAIL" starttime="20201208 18:44:57.798" endtime="20201208 18:45:22.229"></status>
</suite>
<suite id="s1-s6" name="T4 verify bs prebudget" source="E:\QA automation\QA\budget_admin\test_suites\T4_verify_bs_prebudget.robot">
<test id="s1-s6-t1" name="Verify Activity Prebudget">
<kw name="Open Balance Sheet Prebudget" library="balanceSheetPrebudget">
<kw name="Wait Until Element Is Visible" library="SeleniumLibrary">
<doc>Waits until the element ``locator`` is visible.</doc>
<arguments>
<arg>xpath=//a[@id='${menu_name_xpath}_1']</arg>
<arg>timeout=5s</arg>
</arguments>
<kw name="Capture Page Screenshot" library="SeleniumLibrary">
<doc>Takes a screenshot of the current page and embeds it into a log file.</doc>
<msg timestamp="20201208 18:45:46.615" level="FAIL">WebDriverException: Message: chrome not reachable
  (Session info: chrome=87.0.4280.88)
</msg>
<status status="FAIL" starttime="20201208 18:45:34.423" endtime="20201208 18:45:46.615"></status>
</kw>
<msg timestamp="20201208 18:45:46.615" level="WARN">Keyword 'Capture Page Screenshot' could not be run on failure: WebDriverException: Message: chrome not reachable
  (Session info: chrome=87.0.4280.88)
</msg>
<msg timestamp="20201208 18:45:46.617" level="FAIL">WebDriverException: Message: chrome not reachable
  (Session info: chrome=87.0.4280.88)
</msg>
<status status="FAIL" starttime="20201208 18:45:22.255" endtime="20201208 18:45:46.617"></status>
</kw>
<status status="FAIL" starttime="20201208 18:45:22.255" endtime="20201208 18:45:46.617"></status>
</kw>
<status status="FAIL" starttime="20201208 18:45:22.253" endtime="20201208 18:45:46.618" critical="yes">WebDriverException: Message: chrome not reachable
  (Session info: chrome=87.0.4280.88)
</status>
</test>
<doc>this suite verifies Capex page.</doc>
<status status="FAIL" starttime="20201208 18:45:22.234" endtime="20201208 18:45:46.621"></status>
</suite>
<suite id="s1-s7" name="T5 verify profitloss prebudget" source="E:\QA automation\QA\budget_admin\test_suites\T5_verify_profitloss_prebudget.robot">
<test id="s1-s7-t1" name="Verify Activity Prebudget">
<kw name="Open Profit Loss Prebudget" library="profitLossPrebudget">
<kw name="Wait Until Element Is Visible" library="SeleniumLibrary">
<doc>Waits until the element ``locator`` is visible.</doc>
<arguments>
<arg>xpath=//a[@id='${menu_name_xpath}_2']</arg>
<arg>timeout=5s</arg>
</arguments>
<kw name="Capture Page Screenshot" library="SeleniumLibrary">
<doc>Takes a screenshot of the current page and embeds it into a log file.</doc>
<msg timestamp="20201208 18:46:11.089" level="FAIL">WebDriverException: Message: chrome not reachable
  (Session info: chrome=87.0.4280.88)
</msg>
<status status="FAIL" starttime="20201208 18:45:58.866" endtime="20201208 18:46:11.089"></status>
</kw>
<msg timestamp="20201208 18:46:11.089" level="WARN">Keyword 'Capture Page Screenshot' could not be run on failure: WebDriverException: Message: chrome not reachable
  (Session info: chrome=87.0.4280.88)
</msg>
<msg timestamp="20201208 18:46:11.092" level="FAIL">WebDriverException: Message: chrome not reachable
  (Session info: chrome=87.0.4280.88)
</msg>
<status status="FAIL" starttime="20201208 18:45:46.652" endtime="20201208 18:46:11.092"></status>
</kw>
<status status="FAIL" starttime="20201208 18:45:46.652" endtime="20201208 18:46:11.092"></status>
</kw>
<status status="FAIL" starttime="20201208 18:45:46.651" endtime="20201208 18:46:11.092" critical="yes">WebDriverException: Message: chrome not reachable
  (Session info: chrome=87.0.4280.88)
</status>
</test>
<doc>this suite verifies Capex page.</doc>
<status status="FAIL" starttime="20201208 18:45:46.624" endtime="20201208 18:46:11.096"></status>
</suite>
<status status="FAIL" starttime="20201208 18:42:43.287" endtime="20201208 18:46:11.103"></status>
</suite>
<statistics>
<total>
<stat pass="0" fail="7">Critical Tests</stat>
<stat pass="0" fail="7">All Tests</stat>
</total>
<tag>
</tag>
<suite>
<stat pass="0" fail="7" id="s1" name="T0 verify admin &amp; T1 user management &amp; T1 verify capex prebudget &amp; T2 verify hr prebudget &amp; T3 verify activity prebudget &amp; T4 verify bs prebudget &amp; T5 verify profitloss prebudget">T0 verify admin &amp; T1 user management &amp; T1 verify capex prebudget &amp; T2 verify hr prebudget &amp; T3 verify activity prebudget &amp; T4 verify bs prebudget &amp; T5 verify profitloss prebudget</stat>
<stat pass="0" fail="1" id="s1-s1" name="T0 verify admin">T0 verify admin &amp; T1 user management &amp; T1 verify capex prebudget &amp; T2 verify hr prebudget &amp; T3 verify activity prebudget &amp; T4 verify bs prebudget &amp; T5 verify profitloss prebudget.T0 verify admin</stat>
<stat pass="0" fail="1" id="s1-s2" name="T1 user management">T0 verify admin &amp; T1 user management &amp; T1 verify capex prebudget &amp; T2 verify hr prebudget &amp; T3 verify activity prebudget &amp; T4 verify bs prebudget &amp; T5 verify profitloss prebudget.T1 user management</stat>
<stat pass="0" fail="1" id="s1-s3" name="T1 verify capex prebudget">T0 verify admin &amp; T1 user management &amp; T1 verify capex prebudget &amp; T2 verify hr prebudget &amp; T3 verify activity prebudget &amp; T4 verify bs prebudget &amp; T5 verify profitloss prebudget.T1 verify capex prebudget</stat>
<stat pass="0" fail="1" id="s1-s4" name="T2 verify hr prebudget">T0 verify admin &amp; T1 user management &amp; T1 verify capex prebudget &amp; T2 verify hr prebudget &amp; T3 verify activity prebudget &amp; T4 verify bs prebudget &amp; T5 verify profitloss prebudget.T2 verify hr prebudget</stat>
<stat pass="0" fail="1" id="s1-s5" name="T3 verify activity prebudget">T0 verify admin &amp; T1 user management &amp; T1 verify capex prebudget &amp; T2 verify hr prebudget &amp; T3 verify activity prebudget &amp; T4 verify bs prebudget &amp; T5 verify profitloss prebudget.T3 verify activity prebudget</stat>
<stat pass="0" fail="1" id="s1-s6" name="T4 verify bs prebudget">T0 verify admin &amp; T1 user management &amp; T1 verify capex prebudget &amp; T2 verify hr prebudget &amp; T3 verify activity prebudget &amp; T4 verify bs prebudget &amp; T5 verify profitloss prebudget.T4 verify bs prebudget</stat>
<stat pass="0" fail="1" id="s1-s7" name="T5 verify profitloss prebudget">T0 verify admin &amp; T1 user management &amp; T1 verify capex prebudget &amp; T2 verify hr prebudget &amp; T3 verify activity prebudget &amp; T4 verify bs prebudget &amp; T5 verify profitloss prebudget.T5 verify profitloss prebudget</stat>
</suite>
</statistics>
<errors>
<msg timestamp="20201208 18:43:44.314" level="WARN">Keyword 'Capture Page Screenshot' could not be run on failure: WebDriverException: Message: chrome not reachable
  (Session info: chrome=87.0.4280.88)
</msg>
<msg timestamp="20201208 18:44:08.820" level="WARN">Keyword 'Capture Page Screenshot' could not be run on failure: WebDriverException: Message: chrome not reachable
  (Session info: chrome=87.0.4280.88)
</msg>
<msg timestamp="20201208 18:44:33.329" level="WARN">Keyword 'Capture Page Screenshot' could not be run on failure: WebDriverException: Message: chrome not reachable
  (Session info: chrome=87.0.4280.88)
</msg>
<msg timestamp="20201208 18:44:57.788" level="WARN">Keyword 'Capture Page Screenshot' could not be run on failure: WebDriverException: Message: chrome not reachable
  (Session info: chrome=87.0.4280.88)
</msg>
<msg timestamp="20201208 18:45:22.222" level="WARN">Keyword 'Capture Page Screenshot' could not be run on failure: WebDriverException: Message: chrome not reachable
  (Session info: chrome=87.0.4280.88)
</msg>
<msg timestamp="20201208 18:45:46.615" level="WARN">Keyword 'Capture Page Screenshot' could not be run on failure: WebDriverException: Message: chrome not reachable
  (Session info: chrome=87.0.4280.88)
</msg>
<msg timestamp="20201208 18:46:11.089" level="WARN">Keyword 'Capture Page Screenshot' could not be run on failure: WebDriverException: Message: chrome not reachable
  (Session info: chrome=87.0.4280.88)
</msg>
</errors>
</robot>
